Arguments: 
  /home/coconatsu/.nvm/versions/node/v8.9.4/bin/node /usr/share/yarn/bin/yarn.js add -D webpack webpack-cli

PATH: 
  /home/coconatsu/.rvm/gems/ruby-2.4.3/bin:/home/coconatsu/.rvm/gems/ruby-2.4.3@global/bin:/home/coconatsu/.rvm/rubies/ruby-2.4.3/bin:./node_modules/.bin:/home/coconatsu/.nvm/versions/node/v8.9.4/bin:/usr/local/sbin:/usr/local/bin:/usr/sbin:/usr/bin:/sbin:/bin:/usr/games:/usr/local/games:/mnt/d/Program Files (x86)/Conemu:/mnt/d/Program Files (x86)/Conemu/ConEmu:/mnt/c/Program Files (x86)/Intel/iCLS Client:/mnt/c/Program Files/Intel/iCLS Client:/mnt/c/Windows/System32:/mnt/c/Windows:/mnt/c/Windows/System32/wbem:/mnt/c/Windows/System32/WindowsPowerShell/v1.0:/mnt/c/Program Files (x86)/Intel/Intel(R) Management Engine Components/DAL:/mnt/c/Program Files/Intel/Intel(R) Management Engine Components/DAL:/mnt/c/Program Files (x86)/Intel/Intel(R) Management Engine Components/IPT:/mnt/c/Program Files/Intel/Intel(R) Management Engine Components/IPT:/mnt/c/Program Files (x86)/NVIDIA Corporation/PhysX/Common:/mnt/c/Program Files/Intel/WiFi/bin:/mnt/c/Program Files/Common Files/Intel/WirelessCommon:/mnt/c/Program Files (x86)/Calibre2:/mnt/d/MiKTeX 2.9/miktex/bin:/mnt/c/Windows/System32:/mnt/c/Windows:/mnt/c/Windows/System32/wbem:/mnt/c/Windows/System32/WindowsPowerShell/v1.0:/mnt/d/Git/cmd:/mnt/d/Git/mingw64/bin:/mnt/d/Git/usr/bin:/mnt/c/Program Files (x86)/Skype/Phone:/mnt/c/Ruby24-x64/bin:/mnt/c/Users/Amande/AppData/Roaming/npm:/mnt/c/Users/Amande/AppData/Local/Microsoft/WindowsApps:/mnt/c/ProgramData/Amande/atom/bin:/home/coconatsu/.rvm/bin

Yarn version: 
  1.3.2

Node version: 
  8.9.4

Platform: 
  linux x64

npm manifest: 
  {
    "name": "my-great-package",
    "version": "1.0.0",
      "private": true,
    "repository": "git@github.com:coconatsuki/todo-list-js.git",
    "author": "coconatsuki",
    "license": "MIT",
  }

yarn manifest: 
  No manifest

Lockfile: 
  No lockfile

Trace: 
  SyntaxError: /mnt/d/CODE/Projets/JAVASCRIPT/todo-list/package.json: Unexpected token } in JSON at position 185
      at JSON.parse (<anonymous>)
      at /usr/share/yarn/lib/cli.js:770:59
      at Generator.next (<anonymous>)
      at step (/usr/share/yarn/lib/cli.js:92:30)
      at /usr/share/yarn/lib/cli.js:103:13
      at <anonymous>
